D:\nan_stage_lae\Desktop\isimpa\isimpa\trunk\coreSrc\VolumetricMeshRepair\..\..\..\..\currentRelease\meshing\vmr\VolumetricMeshRepair.exe
D:\NAN_STAGE_LAE\DESKTOP\ISIMPA\ISIMPA\TRUNK\CORESRC\VOLUMETRICMESHREPAIR\RELEASE\ADAPTATIVE_MESH_GUIDE.OBJ
D:\nan_stage_lae\Desktop\isimpa\isimpa\trunk\coreSrc\VolumetricMeshRepair\Release\cl.command.1.tlog
D:\nan_stage_lae\Desktop\isimpa\isimpa\trunk\coreSrc\VolumetricMeshRepair\Release\CL.read.1.tlog
D:\nan_stage_lae\Desktop\isimpa\isimpa\trunk\coreSrc\VolumetricMeshRepair\Release\CL.write.1.tlog
D:\NAN_STAGE_LAE\DESKTOP\ISIMPA\ISIMPA\TRUNK\CORESRC\VOLUMETRICMESHREPAIR\RELEASE\INTERSECTION_TRI.OBJ
D:\NAN_STAGE_LAE\DESKTOP\ISIMPA\ISIMPA\TRUNK\CORESRC\VOLUMETRICMESHREPAIR\RELEASE\MAIN_REMESH.OBJ
D:\NAN_STAGE_LAE\DESKTOP\ISIMPA\ISIMPA\TRUNK\CORESRC\VOLUMETRICMESHREPAIR\RELEASE\POINT_FEEDER.OBJ
D:\NAN_STAGE_LAE\DESKTOP\ISIMPA\ISIMPA\TRUNK\CORESRC\VOLUMETRICMESHREPAIR\RELEASE\SCALAR_FIELD_CREATOR.OBJ
D:\NAN_STAGE_LAE\DESKTOP\ISIMPA\ISIMPA\TRUNK\CORESRC\VOLUMETRICMESHREPAIR\RELEASE\SPATIAL_DISCRETIZATION.OBJ
D:\NAN_STAGE_LAE\DESKTOP\ISIMPA\ISIMPA\TRUNK\CORESRC\VOLUMETRICMESHREPAIR\RELEASE\TRIANG_CUBIC_MESHING.OBJ
D:\NAN_STAGE_LAE\DESKTOP\ISIMPA\ISIMPA\TRUNK\CORESRC\VOLUMETRICMESHREPAIR\RELEASE\TRIANG_MARCHING_CUBE.OBJ
D:\NAN_STAGE_LAE\DESKTOP\ISIMPA\ISIMPA\TRUNK\CORESRC\VOLUMETRICMESHREPAIR\RELEASE\TRIANG_MARCHING_TETRA.OBJ
D:\NAN_STAGE_LAE\DESKTOP\ISIMPA\ISIMPA\TRUNK\CORESRC\VOLUMETRICMESHREPAIR\RELEASE\TRIANGLE_FEEDER.OBJ
D:\nan_stage_lae\Desktop\isimpa\isimpa\trunk\coreSrc\VolumetricMeshRepair\Release\triangulator.obj
D:\nan_stage_lae\Desktop\isimpa\isimpa\trunk\coreSrc\VolumetricMeshRepair\Release\vc100.pdb
D:\nan_stage_lae\Desktop\isimpa\isimpa\trunk\coreSrc\VolumetricMeshRepair\Release\vc90.idb
D:\nan_stage_lae\Desktop\isimpa\isimpa\trunk\coreSrc\VolumetricMeshRepair\Release\vc90.pdb
D:\nan_stage_lae\Desktop\isimpa\isimpa\trunk\coreSrc\VolumetricMeshRepair\Release\VolumetricMeshRepair.exe.intermediate.manifest
D:\nan_stage_lae\Desktop\isimpa\isimpa\trunk\coreSrc\VolumetricMeshRepair\Release\VolumetricMeshRepair.vcxprojResolveAssemblyReference.cache
D:\nan_stage_lae\Desktop\isimpa\isimpa\trunk\coreSrc\VolumetricMeshRepair\Release\VolumetricMeshRepair.write.1.tlog
