D:\nan_stage_lae\Desktop\isimpa\isimpa\trunk\coreSrc\lib_interface\python_bindings\Release\_libsimpa.py.obj
D:\nan_stage_lae\Desktop\isimpa\isimpa\trunk\coreSrc\lib_interface\python_bindings\Release\base_core_configuration.obj
D:\nan_stage_lae\Desktop\isimpa\isimpa\trunk\coreSrc\lib_interface\python_bindings\Release\baseReportManager.obj
D:\nan_stage_lae\Desktop\isimpa\isimpa\trunk\coreSrc\lib_interface\python_bindings\Release\bin.obj
D:\nan_stage_lae\Desktop\isimpa\isimpa\trunk\coreSrc\lib_interface\python_bindings\Release\Celerite_du_son.obj
D:\nan_stage_lae\Desktop\isimpa\isimpa\trunk\coreSrc\lib_interface\python_bindings\Release\Coef_Att_Atmos.obj
D:\nan_stage_lae\Desktop\isimpa\isimpa\trunk\coreSrc\lib_interface\python_bindings\Release\coreinitialisation.obj
D:\nan_stage_lae\Desktop\isimpa\isimpa\trunk\coreSrc\lib_interface\python_bindings\Release\coreString.obj
D:\nan_stage_lae\Desktop\isimpa\isimpa\trunk\coreSrc\lib_interface\python_bindings\Release\coreTypes.obj
D:\nan_stage_lae\Desktop\isimpa\isimpa\trunk\coreSrc\lib_interface\python_bindings\Release\cxml.obj
D:\nan_stage_lae\Desktop\isimpa\isimpa\trunk\coreSrc\lib_interface\python_bindings\Release\gabe.obj
D:\nan_stage_lae\Desktop\isimpa\isimpa\trunk\coreSrc\lib_interface\python_bindings\Release\Masse_volumique_air.obj
D:\nan_stage_lae\Desktop\isimpa\isimpa\trunk\coreSrc\lib_interface\python_bindings\Release\mbin.obj
D:\nan_stage_lae\Desktop\isimpa\isimpa\trunk\coreSrc\lib_interface\python_bindings\Release\octree44.obj
D:\nan_stage_lae\Desktop\isimpa\isimpa\trunk\coreSrc\lib_interface\python_bindings\Release\octree44_dotElement.obj
D:\nan_stage_lae\Desktop\isimpa\isimpa\trunk\coreSrc\lib_interface\python_bindings\Release\octree44_segmentElement.obj
D:\nan_stage_lae\Desktop\isimpa\isimpa\trunk\coreSrc\lib_interface\python_bindings\Release\octree44_sphereElement.obj
D:\nan_stage_lae\Desktop\isimpa\isimpa\trunk\coreSrc\lib_interface\python_bindings\Release\octree44_triangleElement.obj
D:\nan_stage_lae\Desktop\isimpa\isimpa\trunk\coreSrc\lib_interface\python_bindings\Release\part_io.obj
D:\nan_stage_lae\Desktop\isimpa\isimpa\trunk\coreSrc\lib_interface\python_bindings\Release\python_bindings.vcxprojResolveAssemblyReference.cache
D:\nan_stage_lae\Desktop\isimpa\isimpa\trunk\coreSrc\lib_interface\python_bindings\Release\rsbin.obj
D:\nan_stage_lae\Desktop\isimpa\isimpa\trunk\coreSrc\lib_interface\python_bindings\Release\std_rsbin.obj
D:\nan_stage_lae\Desktop\isimpa\isimpa\trunk\coreSrc\lib_interface\python_bindings\Release\std_tools.obj
D:\nan_stage_lae\Desktop\isimpa\isimpa\trunk\coreSrc\lib_interface\python_bindings\Release\stdgabe.obj
D:\nan_stage_lae\Desktop\isimpa\isimpa\trunk\coreSrc\lib_interface\python_bindings\Release\surf_merging.obj
D:\nan_stage_lae\Desktop\isimpa\isimpa\trunk\coreSrc\lib_interface\python_bindings\Release\vc90.idb
D:\nan_stage_lae\Desktop\isimpa\isimpa\trunk\coreSrc\lib_interface\python_bindings\Release\vc90.pdb
D:\nan_stage_lae\Desktop\isimpa\isimpa\trunk\coreSrc\lib_interface\python_bindings\Release\vol_splitter.obj
