D:\NAN_STAGE_LAE\DESKTOP\ISIMPA\CURRENTRELEASE\MESHING\TETGEN\PREPROCESS.EXE
D:\nan_stage_lae\Desktop\isimpa\isimpa\trunk\coreSrc\preprocess\..\..\..\..\currentRelease\meshing\tetgen\Preprocess.exe
D:\nan_stage_lae\Desktop\isimpa\isimpa\trunk\coreSrc\preprocess\Release\cl.command.1.tlog
D:\nan_stage_lae\Desktop\isimpa\isimpa\trunk\coreSrc\preprocess\Release\CL.read.1.tlog
D:\nan_stage_lae\Desktop\isimpa\isimpa\trunk\coreSrc\preprocess\Release\CL.write.1.tlog
D:\NAN_STAGE_LAE\DESKTOP\ISIMPA\ISIMPA\TRUNK\CORESRC\PREPROCESS\RELEASE\COMPUTATIONS.OBJ
D:\NAN_STAGE_LAE\DESKTOP\ISIMPA\ISIMPA\TRUNK\CORESRC\PREPROCESS\RELEASE\INTERSECTION_TRI.OBJ
D:\nan_stage_lae\Desktop\isimpa\isimpa\trunk\coreSrc\preprocess\Release\link.command.1.tlog
D:\nan_stage_lae\Desktop\isimpa\isimpa\trunk\coreSrc\preprocess\Release\link.read.1.tlog
D:\nan_stage_lae\Desktop\isimpa\isimpa\trunk\coreSrc\preprocess\Release\link.write.1.tlog
D:\nan_stage_lae\Desktop\isimpa\isimpa\trunk\coreSrc\preprocess\Release\mt.command.1.tlog
D:\nan_stage_lae\Desktop\isimpa\isimpa\trunk\coreSrc\preprocess\Release\mt.read.1.tlog
D:\nan_stage_lae\Desktop\isimpa\isimpa\trunk\coreSrc\preprocess\Release\mt.write.1.tlog
D:\NAN_STAGE_LAE\DESKTOP\ISIMPA\ISIMPA\TRUNK\CORESRC\PREPROCESS\RELEASE\POLY.OBJ
D:\NAN_STAGE_LAE\DESKTOP\ISIMPA\ISIMPA\TRUNK\CORESRC\PREPROCESS\RELEASE\PREPROCESS.EXE.INTERMEDIATE.MANIFEST
D:\NAN_STAGE_LAE\DESKTOP\ISIMPA\ISIMPA\TRUNK\CORESRC\PREPROCESS\RELEASE\PREPROCESS.OBJ
D:\nan_stage_lae\Desktop\isimpa\isimpa\trunk\coreSrc\preprocess\Release\Preprocess.vcxprojResolveAssemblyReference.cache
D:\nan_stage_lae\Desktop\isimpa\isimpa\trunk\coreSrc\preprocess\Release\Preprocess.write.1.tlog
D:\NAN_STAGE_LAE\DESKTOP\ISIMPA\ISIMPA\TRUNK\CORESRC\PREPROCESS\RELEASE\VC100.PDB
D:\nan_stage_lae\Desktop\isimpa\isimpa\trunk\coreSrc\preprocess\Release\vc90.idb
D:\nan_stage_lae\Desktop\isimpa\isimpa\trunk\coreSrc\preprocess\Release\vc90.pdb
