D:\NAN_STAGE_LAE\DESKTOP\ISIMPA\ISIMPA\TRUNK\CORESRC\LIB_INTERFACE\RELEASE\BASE_CORE_CONFIGURATION.OBJ
D:\NAN_STAGE_LAE\DESKTOP\ISIMPA\ISIMPA\TRUNK\CORESRC\LIB_INTERFACE\RELEASE\BASEREPORTMANAGER.OBJ
D:\NAN_STAGE_LAE\DESKTOP\ISIMPA\ISIMPA\TRUNK\CORESRC\LIB_INTERFACE\RELEASE\BIN.OBJ
D:\NAN_STAGE_LAE\DESKTOP\ISIMPA\ISIMPA\TRUNK\CORESRC\LIB_INTERFACE\RELEASE\CELERITE_DU_SON.OBJ
D:\nan_stage_lae\Desktop\isimpa\isimpa\trunk\coreSrc\lib_interface\Release\cl.command.1.tlog
D:\nan_stage_lae\Desktop\isimpa\isimpa\trunk\coreSrc\lib_interface\Release\CL.read.1.tlog
D:\nan_stage_lae\Desktop\isimpa\isimpa\trunk\coreSrc\lib_interface\Release\CL.write.1.tlog
D:\NAN_STAGE_LAE\DESKTOP\ISIMPA\ISIMPA\TRUNK\CORESRC\LIB_INTERFACE\RELEASE\COEF_ATT_ATMOS.OBJ
D:\NAN_STAGE_LAE\DESKTOP\ISIMPA\ISIMPA\TRUNK\CORESRC\LIB_INTERFACE\RELEASE\COREINITIALISATION.OBJ
D:\NAN_STAGE_LAE\DESKTOP\ISIMPA\ISIMPA\TRUNK\CORESRC\LIB_INTERFACE\RELEASE\CORESTRING.OBJ
D:\NAN_STAGE_LAE\DESKTOP\ISIMPA\ISIMPA\TRUNK\CORESRC\LIB_INTERFACE\RELEASE\CORETYPES.OBJ
D:\NAN_STAGE_LAE\DESKTOP\ISIMPA\ISIMPA\TRUNK\CORESRC\LIB_INTERFACE\RELEASE\CXML.OBJ
D:\NAN_STAGE_LAE\DESKTOP\ISIMPA\ISIMPA\TRUNK\CORESRC\LIB_INTERFACE\RELEASE\DUMMY.OBJ
D:\NAN_STAGE_LAE\DESKTOP\ISIMPA\ISIMPA\TRUNK\CORESRC\LIB_INTERFACE\RELEASE\EN_NUMERIC.OBJ
D:\NAN_STAGE_LAE\DESKTOP\ISIMPA\ISIMPA\TRUNK\CORESRC\LIB_INTERFACE\RELEASE\GABE.OBJ
D:\NAN_STAGE_LAE\DESKTOP\ISIMPA\ISIMPA\TRUNK\CORESRC\LIB_INTERFACE\RELEASE\GPL_IO.OBJ
D:\nan_stage_lae\Desktop\isimpa\isimpa\trunk\coreSrc\lib_interface\Release\lib.command.1.tlog
D:\NAN_STAGE_LAE\DESKTOP\ISIMPA\ISIMPA\TRUNK\CORESRC\LIB_INTERFACE\RELEASE\LIB_INTERFACE.LIB
D:\nan_stage_lae\Desktop\isimpa\isimpa\trunk\coreSrc\lib_interface\Release\lib_interface.vcxprojResolveAssemblyReference.cache
D:\nan_stage_lae\Desktop\isimpa\isimpa\trunk\coreSrc\lib_interface\Release\lib_interface.write.1.tlog
D:\nan_stage_lae\Desktop\isimpa\isimpa\trunk\coreSrc\lib_interface\Release\Lib-link.read.1.tlog
D:\nan_stage_lae\Desktop\isimpa\isimpa\trunk\coreSrc\lib_interface\Release\Lib-link.write.1.tlog
D:\NAN_STAGE_LAE\DESKTOP\ISIMPA\ISIMPA\TRUNK\CORESRC\LIB_INTERFACE\RELEASE\M_REPORT_BIN.OBJ
D:\NAN_STAGE_LAE\DESKTOP\ISIMPA\ISIMPA\TRUNK\CORESRC\LIB_INTERFACE\RELEASE\MASSE_VOLUMIQUE_AIR.OBJ
D:\NAN_STAGE_LAE\DESKTOP\ISIMPA\ISIMPA\TRUNK\CORESRC\LIB_INTERFACE\RELEASE\MBIN.OBJ
D:\NAN_STAGE_LAE\DESKTOP\ISIMPA\ISIMPA\TRUNK\CORESRC\LIB_INTERFACE\RELEASE\OCTREE44.OBJ
D:\NAN_STAGE_LAE\DESKTOP\ISIMPA\ISIMPA\TRUNK\CORESRC\LIB_INTERFACE\RELEASE\OCTREE44_CYLINDERELEMENT.OBJ
D:\NAN_STAGE_LAE\DESKTOP\ISIMPA\ISIMPA\TRUNK\CORESRC\LIB_INTERFACE\RELEASE\OCTREE44_DOTELEMENT.OBJ
D:\NAN_STAGE_LAE\DESKTOP\ISIMPA\ISIMPA\TRUNK\CORESRC\LIB_INTERFACE\RELEASE\OCTREE44_SEGMENTELEMENT.OBJ
D:\NAN_STAGE_LAE\DESKTOP\ISIMPA\ISIMPA\TRUNK\CORESRC\LIB_INTERFACE\RELEASE\OCTREE44_SPHEREELEMENT.OBJ
D:\NAN_STAGE_LAE\DESKTOP\ISIMPA\ISIMPA\TRUNK\CORESRC\LIB_INTERFACE\RELEASE\OCTREE44_TRIANGLEELEMENT.OBJ
D:\NAN_STAGE_LAE\DESKTOP\ISIMPA\ISIMPA\TRUNK\CORESRC\LIB_INTERFACE\RELEASE\PART_IO.OBJ
D:\NAN_STAGE_LAE\DESKTOP\ISIMPA\ISIMPA\TRUNK\CORESRC\LIB_INTERFACE\RELEASE\RPLY.OBJ
D:\NAN_STAGE_LAE\DESKTOP\ISIMPA\ISIMPA\TRUNK\CORESRC\LIB_INTERFACE\RELEASE\RPLY_INTERFACE.OBJ
D:\NAN_STAGE_LAE\DESKTOP\ISIMPA\ISIMPA\TRUNK\CORESRC\LIB_INTERFACE\RELEASE\RSBIN.OBJ
D:\NAN_STAGE_LAE\DESKTOP\ISIMPA\ISIMPA\TRUNK\CORESRC\LIB_INTERFACE\RELEASE\STD_RSBIN.OBJ
D:\NAN_STAGE_LAE\DESKTOP\ISIMPA\ISIMPA\TRUNK\CORESRC\LIB_INTERFACE\RELEASE\STD_TOOLS.OBJ
D:\NAN_STAGE_LAE\DESKTOP\ISIMPA\ISIMPA\TRUNK\CORESRC\LIB_INTERFACE\RELEASE\STDGABE.OBJ
D:\NAN_STAGE_LAE\DESKTOP\ISIMPA\ISIMPA\TRUNK\CORESRC\LIB_INTERFACE\RELEASE\SURF_MERGING.OBJ
D:\NAN_STAGE_LAE\DESKTOP\ISIMPA\ISIMPA\TRUNK\CORESRC\LIB_INTERFACE\RELEASE\VC100.PDB
D:\nan_stage_lae\Desktop\isimpa\isimpa\trunk\coreSrc\lib_interface\Release\vc90.idb
D:\nan_stage_lae\Desktop\isimpa\isimpa\trunk\coreSrc\lib_interface\Release\vc90.pdb
D:\NAN_STAGE_LAE\DESKTOP\ISIMPA\ISIMPA\TRUNK\CORESRC\LIB_INTERFACE\RELEASE\VOL_IDENTIFIER.OBJ
D:\NAN_STAGE_LAE\DESKTOP\ISIMPA\ISIMPA\TRUNK\CORESRC\LIB_INTERFACE\RELEASE\VOL_SPLITTER.OBJ
